<?xml version="1.0" encoding="UTF-8"?>
<testsuite name="MyTest" tests="1" skipped="0" failures="0" errors="0" timestamp="2018-08-20T03:25:08" hostname="YangdeMacBook-Pro.local" time="0.886">
  <properties/>
  <testcase name="testGenerateCode" classname="MyTest" time="0.886"/>
  <system-out><![CDATA[]]></system-out>
  <system-err><![CDATA[]]></system-err>
</testsuite>
